[    0.000000] Initializing cgroup subsys cpuset
[    0.000000] Initializing cgroup subsys cpu
[    0.000000] Initializing cgroup subsys cpuacct
[    0.000000] Linux version 4.4.0-190-generic (buildd@lcy01-amd64-026) (gcc version 5.4.0 20160609 (Ubuntu 5.4.0-6ubuntu1~16.04.12) ) #220-Ubuntu SMP Fri Aug 28 23:02:15 UTC 2020 (Ubuntu 4.4.0-190.220-generic 4.4.233)
[    0.000000] Command line: BOOT_IMAGE=/boot/vmlinuz-4.4.0-190-generic root=UUID=ae3af408-69ef-422e-a105-6a8101df59f6 ro console=tty1 console=ttyS0
[    0.000000] KERNEL supported cpus:
[    0.000000]   Intel GenuineIntel
[    0.000000]   AMD AuthenticAMD
[    0.000000]   Centaur CentaurHauls
[    0.000000] x86/fpu: xstate_offset[2]:  576, xstate_sizes[2]:  256
[    0.000000] x86/fpu: Supporting XSAVE feature 0x01: 'x87 floating point registers'
[    0.000000] x86/fpu: Supporting XSAVE feature 0x02: 'SSE registers'
[    0.000000] x86/fpu: Supporting XSAVE feature 0x04: 'AVX registers'
[    0.000000] x86/fpu: Enabled xstate features 0x7, context size is 832 bytes, using 'standard' format.
[    0.000000] e820: BIOS-provided physical RAM map:
[    0.000000] BIOS-e820: [mem 0x0000000000000000-0x000000000009fbff] usable
[    0.000000] BIOS-e820: [mem 0x000000000009fc00-0x000000000009ffff] reserved
[    0.000000] BIOS-e820: [mem 0x00000000000f0000-0x00000000000fffff] reserved
[    0.000000] BIOS-e820: [mem 0x0000000000100000-0x000000003ffeffff] usable
[    0.000000] BIOS-e820: [mem 0x000000003fff0000-0x000000003fffffff] ACPI data
[    0.000000] BIOS-e820: [mem 0x00000000fec00000-0x00000000fec00fff] reserved
[    0.000000] BIOS-e820: [mem 0x00000000fee00000-0x00000000fee00fff] reserved
[    0.000000] BIOS-e820: [mem 0x00000000fffc0000-0x00000000ffffffff] reserved
[    0.000000] NX (Execute Disable) protection: active
[    0.000000] SMBIOS 2.5 present.
[    0.000000] Hypervisor detected: KVM
[    0.000000] e820: last_pfn = 0x3fff0 max_arch_pfn = 0x400000000
[    0.000000] MTRR: Disabled
[    0.000000] x86/PAT: MTRRs disabled, skipping PAT initialization too.
[    0.000000] CPU MTRRs all blank - virtualized system.
[    0.000000] x86/PAT: Configuration [0-7]: WB  WT  UC- UC  WB  WT  UC- UC  
[    0.000000] found SMP MP-table at [mem 0x0009fff0-0x0009ffff] mapped at [ffff88000009fff0]
[    0.000000] Scanning 1 areas for low memory corruption
[    0.000000] RAMDISK: [mem 0x361c8000-0x370dbfff]
[    0.000000] ACPI: Early table checksum verification disabled
[    0.000000] ACPI: RSDP 0x00000000000E0000 000024 (v02 VBOX  )
[    0.000000] ACPI: XSDT 0x000000003FFF0030 00003C (v01 VBOX   VBOXXSDT 00000001 ASL  00000061)
[    0.000000] ACPI: FACP 0x000000003FFF00F0 0000F4 (v04 VBOX   VBOXFACP 00000001 ASL  00000061)
[    0.000000] ACPI: DSDT 0x000000003FFF0470 002325 (v02 VBOX   VBOXBIOS 00000002 INTL 20190509)
[    0.000000] ACPI: FACS 0x000000003FFF0200 000040
[    0.000000] ACPI: FACS 0x000000003FFF0200 000040
[    0.000000] ACPI: APIC 0x000000003FFF0240 000054 (v02 VBOX   VBOXAPIC 00000001 ASL  00000061)
[    0.000000] ACPI: SSDT 0x000000003FFF02A0 0001CC (v01 VBOX   VBOXCPUT 00000002 INTL 20190509)
[    0.000000] No NUMA configuration found
[    0.000000] Faking a node at [mem 0x0000000000000000-0x000000003ffeffff]
[    0.000000] NODE_DATA(0) allocated [mem 0x3ffeb000-0x3ffeffff]
[    0.000000] kvm-clock: Using msrs 4b564d01 and 4b564d00
[    0.000000] kvm-clock: cpu 0, msr 0:3ffe3001, primary cpu clock
[    0.000000] kvm-clock: using sched offset of 6406562442 cycles
[    0.000000] clocksource: kvm-clock: mask: 0xffffffffffffffff max_cycles: 0x1cd42e4dffb, max_idle_ns: 881590591483 ns
[    0.000000] Zone ranges:
[    0.000000]   DMA      [mem 0x0000000000001000-0x0000000000ffffff]
[    0.000000]   DMA32    [mem 0x0000000001000000-0x000000003ffeffff]
[    0.000000]   Normal   empty
[    0.000000]   Device   empty
[    0.000000] Movable zone start for each node
[    0.000000] Early memory node ranges
[    0.000000]   node   0: [mem 0x0000000000001000-0x000000000009efff]
[    0.000000]   node   0: [mem 0x0000000000100000-0x000000003ffeffff]
[    0.000000] Initmem setup node 0 [mem 0x0000000000001000-0x000000003ffeffff]
[    0.000000] ACPI: PM-Timer IO Port: 0x4008
[    0.000000] IOAPIC[0]: apic_id 1, version 32, address 0xfec00000, GSI 0-23
[    0.000000] ACPI: INT_SRC_OVR (bus 0 bus_irq 0 global_irq 2 dfl dfl)
[    0.000000] ACPI: INT_SRC_OVR (bus 0 bus_irq 9 global_irq 9 low level)
[    0.000000] Using ACPI (MADT) for SMP configuration information
[    0.000000] smpboot: Allowing 1 CPUs, 0 hotplug CPUs
[    0.000000] PM: Registered nosave memory: [mem 0x00000000-0x00000fff]
[    0.000000] PM: Registered nosave memory: [mem 0x0009f000-0x0009ffff]
[    0.000000] PM: Registered nosave memory: [mem 0x000a0000-0x000effff]
[    0.000000] PM: Registered nosave memory: [mem 0x000f0000-0x000fffff]
[    0.000000] e820: [mem 0x40000000-0xfebfffff] available for PCI devices
[    0.000000] Booting paravirtualized kernel on KVM
[    0.000000] clocksource: refined-jiffies: mask: 0xffffffff max_cycles: 0xffffffff, max_idle_ns: 7645519600211568 ns
[    0.000000] setup_percpu: NR_CPUS:512 nr_cpumask_bits:512 nr_cpu_ids:1 nr_node_ids:1
[    0.000000] PERCPU: Embedded 33 pages/cpu @ffff88003fc00000 s95512 r8192 d31464 u2097152
[    0.000000] Built 1 zonelists in Node order, mobility grouping on.  Total pages: 257912
[    0.000000] Policy zone: DMA32
[    0.000000] Kernel command line: BOOT_IMAGE=/boot/vmlinuz-4.4.0-190-generic root=UUID=ae3af408-69ef-422e-a105-6a8101df59f6 ro console=tty1 console=ttyS0
[    0.000000] PID hash table entries: 4096 (order: 3, 32768 bytes)
[    0.000000] Memory: 997236K/1048120K available (8636K kernel code, 1337K rwdata, 4040K rodata, 1492K init, 1296K bss, 50884K reserved, 0K cma-reserved)
[    0.000000] SLUB: HWalign=64, Order=0-3, MinObjects=0, CPUs=1, Nodes=1
[    0.000000] Kernel/User page tables isolation: enabled
[    0.000000] Hierarchical RCU implementation.
[    0.000000] 	Build-time adjustment of leaf fanout to 64.
[    0.000000] 	RCU restricting CPUs from NR_CPUS=512 to nr_cpu_ids=1.
[    0.000000] RCU: Adjusting geometry for rcu_fanout_leaf=64, nr_cpu_ids=1
[    0.000000] NR_IRQS:33024 nr_irqs:256 16
[    0.000000] Console: colour VGA+ 80x25
[    0.000000] console [tty1] enabled
[    0.000000] console [ttyS0] enabled
[    0.000000] tsc: Detected 2711.996 MHz processor
[    0.265640] Calibrating delay loop (skipped) preset value.. 5423.99 BogoMIPS (lpj=10847984)
[    0.272550] pid_max: default: 32768 minimum: 301
[    0.274755] ACPI: Core revision 20150930
[    0.279973] ACPI: 2 ACPI AML tables successfully acquired and loaded
[    0.282929] Security Framework initialized
[    0.289521] Yama: becoming mindful.
[    0.291146] AppArmor: AppArmor initialized
[    0.295193] Dentry cache hash table entries: 131072 (order: 8, 1048576 bytes)
[    0.300919] Inode-cache hash table entries: 65536 (order: 7, 524288 bytes)
[    0.304776] Mount-cache hash table entries: 2048 (order: 2, 16384 bytes)
[    0.313445] Mountpoint-cache hash table entries: 2048 (order: 2, 16384 bytes)
[    0.322206] Initializing cgroup subsys io
[    0.326401] Initializing cgroup subsys memory
[    0.330296] Initializing cgroup subsys devices
[    0.333291] Initializing cgroup subsys freezer
[    0.335677] Initializing cgroup subsys net_cls
[    0.340145] Initializing cgroup subsys perf_event
[    0.342521] Initializing cgroup subsys net_prio
[    0.344930] Initializing cgroup subsys hugetlb
[    0.347270] Initializing cgroup subsys pids
[    0.369994] mce: CPU supports 0 MCE banks
[    0.372678] process: using mwait in idle threads
[    0.377100] Last level iTLB entries: 4KB 64, 2MB 8, 4MB 8
[    0.379696] Last level dTLB entries: 4KB 64, 2MB 0, 4MB 0, 1GB 4
[    0.382724] Spectre V1 : Mitigation: usercopy/swapgs barriers and __user pointer sanitization
[    0.389489] Spectre V2 : Mitigation: Full generic retpoline
[    0.392141] Spectre V2 : Spectre v2 / SpectreRSB mitigation: Filling RSB on context switch
[    0.396972] Speculative Store Bypass: Vulnerable
[    0.400455] SRBDS: Unknown: Dependent on hypervisor status
[    0.403157] MDS: Mitigation: Clear CPU buffers
[    0.457486] Freeing SMP alternatives memory: 36K
[    0.472960] ftrace: allocating 32339 entries in 127 pages
[    0.586019] smpboot: APIC(0) Converting physical 0 to logical package 0
[    0.589744] smpboot: Max logical packages: 1
[    0.593949] x2apic enabled
[    0.596140] Switched APIC routing to physical x2apic.
[    0.601277] ..TIMER: vector=0x30 apic1=0 pin1=2 apic2=-1 pin2=-1
[    0.714150] APIC calibration not consistent with PM-Timer: 101ms instead of 100ms
[    0.723224] APIC delta adjusted to PM-Timer: 6289356 (6411400)
[    0.727293] smpboot: CPU0: Intel(R) Core(TM) i5-7200U CPU @ 2.50GHz (family: 0x6, model: 0x8e, stepping: 0x9)
[    0.730604] Performance Events: unsupported p6 CPU model 142 no PMU driver, software events only.
[    0.760257] KVM setup paravirtual spinlock
[    0.762982] x86: Booted up 1 node, 1 CPUs
[    0.764333] smpboot: Total of 1 processors activated (5423.99 BogoMIPS)
[    0.766681] devtmpfs: initialized
[    0.772725] evm: security.selinux
[    0.774601] evm: security.SMACK64
[    0.775724] evm: security.SMACK64EXEC
[    0.777077] evm: security.SMACK64TRANSMUTE
[    0.782655] evm: security.SMACK64MMAP
[    0.786794] evm: security.ima
[    0.787810] evm: security.capability
[    0.789350] clocksource: jiffies: mask: 0xffffffff max_cycles: 0xffffffff, max_idle_ns: 7645041785100000 ns
[    0.792226] futex hash table entries: 256 (order: 2, 16384 bytes)
[    0.801776] pinctrl core: initialized pinctrl subsystem
[    0.804046] RTC time: 22:07:49, date: 09/28/20
[    0.813214] NET: Registered protocol family 16
[    0.815082] cpuidle: using governor ladder
[    0.820062] cpuidle: using governor menu
[    0.830409] PCCT header not found.
[    0.839632] ACPI: bus type PCI registered
[    0.842001] acpiphp: ACPI Hot Plug PCI Controller Driver version: 0.5
[    0.850757] PCI: Using configuration type 1 for base access
[    0.855322] ACPI: Added _OSI(Module Device)
[    0.856933] ACPI: Added _OSI(Processor Device)
[    0.872014] ACPI: Added _OSI(3.0 _SCP Extensions)
[    0.873793] ACPI: Added _OSI(Processor Aggregator Device)
[    0.880401] ACPI: Executed 1 blocks of module-level executable AML code
[    0.901311] ACPI: Interpreter enabled
[    0.902817] ACPI: (supports S0 S5)
[    0.904123] ACPI: Using IOAPIC for interrupt routing
[    0.906915] PCI: Using host bridge windows from ACPI; if necessary, use "pci=nocrs" and report a bug
[    0.924798] ACPI: PCI Root Bridge [PCI0] (domain 0000 [bus 00-ff])
[    0.951268] acpi PNP0A03:00: _OSC: OS supports [ASPM ClockPM Segments MSI]
[    0.957264] acpi PNP0A03:00: _OSC: not requesting OS control; OS requires [ExtendedConfig ASPM ClockPM MSI]
[    0.961497] acpi PNP0A03:00: fail to add MMCONFIG information, can't access extended PCI configuration space under this bridge.
[    0.966402] PCI host bridge to bus 0000:00
[    0.968541] pci_bus 0000:00: root bus resource [io  0x0000-0x0cf7 window]
[    0.992259] pci_bus 0000:00: root bus resource [io  0x0d00-0xffff window]
[    1.008567] pci_bus 0000:00: root bus resource [mem 0x000a0000-0x000bffff window]
[    1.016819] pci_bus 0000:00: root bus resource [mem 0x40000000-0xfdffffff window]
[    1.025149] pci_bus 0000:00: root bus resource [bus 00-ff]
[    1.043897] pci 0000:00:01.1: legacy IDE quirk: reg 0x10: [io  0x01f0-0x01f7]
[    1.066569] pci 0000:00:01.1: legacy IDE quirk: reg 0x14: [io  0x03f6]
[    1.081948] pci 0000:00:01.1: legacy IDE quirk: reg 0x18: [io  0x0170-0x0177]
[    1.084694] pci 0000:00:01.1: legacy IDE quirk: reg 0x1c: [io  0x0376]
[    1.114387] pci 0000:00:07.0: quirk: [io  0x4000-0x403f] claimed by PIIX4 ACPI
[    1.117040] pci 0000:00:07.0: quirk: [io  0x4100-0x410f] claimed by PIIX4 SMB
[    1.135465] ACPI: PCI Interrupt Link [LNKA] (IRQs 5 9 10 *11)
[    1.139879] ACPI: PCI Interrupt Link [LNKB] (IRQs 5 9 *10 11)
[    1.143531] ACPI: PCI Interrupt Link [LNKC] (IRQs 5 *9 10 11)
[    1.146637] ACPI: PCI Interrupt Link [LNKD] (IRQs 5 9 10 *11)
[    1.151155] ACPI: Enabled 2 GPEs in block 00 to 07
[    1.153554] vgaarb: setting as boot device: PCI:0000:00:02.0
[    1.155314] vgaarb: device added: PCI:0000:00:02.0,decodes=io+mem,owns=io+mem,locks=none
[    1.164431] vgaarb: loaded
[    1.165411] vgaarb: bridge control possible 0000:00:02.0
[    1.169142] SCSI subsystem initialized
[    1.170488] ACPI: bus type USB registered
[    1.171854] usbcore: registered new interface driver usbfs
[    1.173515] usbcore: registered new interface driver hub
[    1.177113] usbcore: registered new device driver usb
[    1.180297] PCI: Using ACPI for IRQ routing
[    1.183107] NetLabel: Initializing
[    1.187834] NetLabel:  domain hash size = 128
[    1.189160] NetLabel:  protocols = UNLABELED CIPSOv4
[    1.190760] NetLabel:  unlabeled traffic allowed by default
[    1.193982] amd_nb: Cannot enumerate AMD northbridges
[    1.195980] clocksource: Switched to clocksource kvm-clock
[    1.208198] AppArmor: AppArmor Filesystem Enabled
[    1.210316] pnp: PnP ACPI init
[    1.212794] pnp: PnP ACPI: found 3 devices
[    1.222277] clocksource: acpi_pm: mask: 0xffffff max_cycles: 0xffffff, max_idle_ns: 2085701024 ns
[    1.225739] NET: Registered protocol family 2
[    1.227565] TCP established hash table entries: 8192 (order: 4, 65536 bytes)
[    1.229807] TCP bind hash table entries: 8192 (order: 5, 131072 bytes)
[    1.232126] TCP: Hash tables configured (established 8192 bind 8192)
[    1.235848] UDP hash table entries: 512 (order: 2, 16384 bytes)
[    1.237699] UDP-Lite hash table entries: 512 (order: 2, 16384 bytes)
[    1.239528] NET: Registered protocol family 1
[    1.241014] pci 0000:00:00.0: Limiting direct PCI/PCI transfers
[    1.243537] pci 0000:00:01.0: Activating ISA DMA hang workarounds
[    1.246626] Unpacking initramfs...
[    1.809470] Freeing initrd memory: 15440K
[    1.811884] clocksource: tsc: mask: 0xffffffffffffffff max_cycles: 0x271782d3887, max_idle_ns: 440795314643 ns
[    1.817161] platform rtc_cmos: registered platform RTC device (no PNP device found)
[    1.821886] Scanning for low memory corruption every 60 seconds
[    1.828980] audit: initializing netlink subsys (disabled)
[    1.830700] audit: type=2000 audit(1601330877.517:1): initialized
[    1.833861] Initialise system trusted keyring
[    1.836102] HugeTLB registered 2 MB page size, pre-allocated 0 pages
[    1.844484] zbud: loaded
[    1.846457] VFS: Disk quotas dquot_6.6.0
[    1.849174] VFS: Dquot-cache hash table entries: 512 (order 0, 4096 bytes)
[    1.855451] squashfs: version 4.0 (2009/01/31) Phillip Lougher
[    1.859608] fuse init (API version 7.23)
[    1.862113] Key type big_key registered
[    1.864244] Allocating IMA MOK and blacklist keyrings.
[    1.868074] Key type asymmetric registered
[    1.870139] Asymmetric key parser 'x509' registered
[    1.877070] Block layer SCSI generic (bsg) driver version 0.4 loaded (major 249)
[    1.881344] io scheduler noop registered
[    1.885899] io scheduler deadline registered (default)
[    1.888538] io scheduler cfq registered
[    1.890917] pci_hotplug: PCI Hot Plug PCI Core version: 0.5
[    1.893539] pciehp: PCI Express Hot Plug Controller Driver version: 0.4
[    1.897353] ACPI: AC Adapter [AC] (on-line)
[    1.900031] input: Power Button as /devices/LNXSYSTM:00/LNXPWRBN:00/input/input0
[    1.903878] ACPI: Power Button [PWRF]
[    1.906159] input: Sleep Button as /devices/LNXSYSTM:00/LNXSLPBN:00/input/input1
[    1.914125] ACPI: Sleep Button [SLPF]
[    1.918946] ACPI: Battery Slot [BAT0] (battery present)
[    1.921625] GHES: HEST is not enabled!
[    1.924389] Serial: 8250/16550 driver, 32 ports, IRQ sharing enabled
[    1.950005] 00:02: ttyS0 at I/O 0x3f8 (irq = 4, base_baud = 115200) is a 16550A
[    1.954975] Linux agpgart interface v0.103
[    1.959104] loop: module loaded
[    1.961050] scsi host0: ata_piix
[    1.962467] scsi host1: ata_piix
[    1.964578] ata1: PATA max UDMA/33 cmd 0x1f0 ctl 0x3f6 bmdma 0xd000 irq 14
[    1.966452] ata2: PATA max UDMA/33 cmd 0x170 ctl 0x376 bmdma 0xd008 irq 15
[    1.974134] libphy: Fixed MDIO Bus: probed
[    1.975434] tun: Universal TUN/TAP device driver, 1.6
[    1.976961] tun: (C) 1999-2004 Max Krasnyansky <maxk@qualcomm.com>
[    1.987231] PPP generic driver version 2.4.2
[    1.988711] ehci_hcd: USB 2.0 'Enhanced' Host Controller (EHCI) Driver
[    1.990523] ehci-pci: EHCI PCI platform driver
[    2.000937] ehci-platform: EHCI generic platform driver
[    2.003169] ohci_hcd: USB 1.1 'Open' Host Controller (OHCI) Driver
[    2.007686] ohci-pci: OHCI PCI platform driver
[    2.009170] ohci-platform: OHCI generic platform driver
[    2.021085] uhci_hcd: USB Universal Host Controller Interface driver
[    2.023633] i8042: PNP: PS/2 Controller [PNP0303:PS2K,PNP0f03:PS2M] at 0x60,0x64 irq 1,12
[    2.027067] serio: i8042 KBD port at 0x60,0x64 irq 1
[    2.028548] serio: i8042 AUX port at 0x60,0x64 irq 12
[    2.030410] mousedev: PS/2 mouse device common for all mice
[    2.033601] input: AT Translated Set 2 keyboard as /devices/platform/i8042/serio0/input/input2
[    2.037561] rtc_cmos rtc_cmos: rtc core: registered rtc_cmos as rtc0
[    2.039549] rtc_cmos rtc_cmos: alarms up to one day, 114 bytes nvram
[    2.052306] i2c /dev entries driver
[    2.053571] device-mapper: uevent: version 1.0.3
[    2.055191] device-mapper: ioctl: 4.34.0-ioctl (2015-10-28) initialised: dm-devel@redhat.com
[    2.057927] ledtrig-cpu: registered to indicate activity on CPUs
[    2.071403] NET: Registered protocol family 10
[    2.073067] NET: Registered protocol family 17
[    2.076163] Key type dns_resolver registered
[    2.082560] registered taskstats version 1
[    2.084339] Loading compiled-in X.509 certificates
[    2.087552] Loaded X.509 cert 'Build time autogenerated kernel key: b89e9ea735e1dbde81c7786f041ecf1d53e71c2e'
[    2.090842] zswap: loaded using pool lzo/zbud
[    2.095180] Key type trusted registered
[    2.102386] Key type encrypted registered
[    2.104198] AppArmor: AppArmor sha1 policy hashing enabled
[    2.106695] ima: No TPM chip found, activating TPM-bypass!
[    2.108809] ima: Allocated hash algorithm: sha1
[    2.110640] evm: HMAC attrs: 0x1
[    2.112224]   Magic number: 4:523:149
[    2.113547] rtc_cmos rtc_cmos: setting system clock to 2020-09-28 22:07:50 UTC (1601330870)
[    2.117078] BIOS EDD facility v0.16 2004-Jun-25, 0 devices found
[    2.119493] EDD information not available.
[    2.153939] Freeing unused kernel memory: 1492K
[    2.155938] Write protecting the kernel read-only data: 14336k
[    2.159144] Freeing unused kernel memory: 1592K
[    2.161201] Freeing unused kernel memory: 56K
Loading, please wait...
starting version 229
[    2.185020] random: systemd-udevd: uninitialized urandom read (16 bytes read, 5 bits of entropy available)
[    2.191438] random: udevadm: uninitialized urandom read (16 bytes read, 5 bits of entropy available)
[    2.195607] random: systemd-udevd: uninitialized urandom read (16 bytes read, 5 bits of entropy available)
[    2.200297] random: udevadm: uninitialized urandom read (16 bytes read, 5 bits of entropy available)
[    2.205275] random: systemd-udevd: uninitialized urandom read (16 bytes read, 5 bits of entropy available)
[    2.217191] random: systemd-udevd: uninitialized urandom read (16 bytes read, 5 bits of entropy available)
[    2.227548] random: systemd-udevd: uninitialized urandom read (16 bytes read, 5 bits of entropy available)
[    2.236725] random: systemd-udevd: uninitialized urandom read (16 bytes read, 5 bits of entropy available)
[    2.240850] random: systemd-udevd: uninitialized urandom read (16 bytes read, 5 bits of entropy available)
[    2.254941] random: systemd-udevd: uninitialized urandom read (16 bytes read, 5 bits of entropy available)
[    2.467225] e1000: Intel(R) PRO/1000 Network Driver - version 7.3.21-k8-NAPI
[    2.470167] e1000: Copyright (c) 1999-2006 Intel Corporation.
[    2.490915] Fusion MPT base driver 3.04.20
[    2.492785] Copyright (c) 1999-2008 LSI Corporation
[    2.533059] Fusion MPT SPI Host driver 3.04.20
[    2.592548] AVX2 version of gcm_enc/dec engaged.
[    2.595555] AES CTR mode by8 optimization enabled
[    2.712544] input: ImExPS/2 Generic Explorer Mouse as /devices/platform/i8042/serio1/input/input4
[    3.059920] e1000 0000:00:03.0 eth0: (PCI:33MHz:32-bit) 02:8f:67:5f:07:a5
[    3.062598] e1000 0000:00:03.0 eth0: Intel(R) PRO/1000 Network Connection
[    3.066911] mptbase: ioc0: Initiating bringup
[    3.132438] ioc0: LSI53C1030 A0: Capabilities={Initiator}
[    3.298450] scsi host2: ioc0: LSI53C1030 A0, FwRev=00000000h, Ports=1, MaxQ=256, IRQ=20
[    3.427035] scsi 2:0:0:0: Direct-Access     VBOX     HARDDISK         1.0  PQ: 0 ANSI: 5
[    3.429711] scsi target2:0:0: Beginning Domain Validation
[    3.434030] scsi target2:0:0: Domain Validation skipping write tests
[    3.435994] scsi target2:0:0: Ending Domain Validation
[    3.437712] scsi target2:0:0: asynchronous
[    3.439646] scsi 2:0:1:0: Direct-Access     VBOX     HARDDISK         1.0  PQ: 0 ANSI: 5
[    3.444205] scsi target2:0:1: Beginning Domain Validation
[    3.447144] scsi target2:0:1: Domain Validation skipping write tests
[    3.465696] scsi target2:0:1: Ending Domain Validation
[    3.477223] scsi target2:0:1: asynchronous
[    3.556161] sd 2:0:0:0: [sda] 20971520 512-byte logical blocks: (10.7 GB/10.0 GiB)
[    3.569145] sd 2:0:0:0: Attached scsi generic sg0 type 0
[    3.574103] sd 2:0:1:0: [sdb] 20480 512-byte logical blocks: (10.5 MB/10.0 MiB)
[    3.585098] sd 2:0:1:0: Attached scsi generic sg1 type 0
[    3.601127] sd 2:0:1:0: [sdb] Write Protect is off
[    3.609540] sd 2:0:0:0: [sda] Write Protect is off
[    3.630238] sd 2:0:1:0: [sdb] Incomplete mode parameter data
[    3.632338] sd 2:0:1:0: [sdb] Assuming drive cache: write through
[    3.643475] sd 2:0:0:0: [sda] Incomplete mode parameter data
[    3.651317] sd 2:0:0:0: [sda] Assuming drive cache: write through
[    3.753153]  sda: sda1
[    3.769582] sd 2:0:1:0: [sdb] Attached SCSI disk
[    3.792835] sd 2:0:0:0: [sda] Attached SCSI disk
[    4.092720] e1000 0000:00:08.0 eth1: (PCI:33MHz:32-bit) 08:00:27:a2:c4:d8
[    4.115566] e1000 0000:00:08.0 eth1: Intel(R) PRO/1000 Network Connection
[    4.140700] e1000 0000:00:03.0 enp0s3: renamed from eth0
[    4.151279] e1000 0000:00:08.0 enp0s8: renamed from eth1
Begin: Loading essential drivers ... [    5.716476] md: linear personality registered for level -1
[    5.724256] md: multipath personality registered for level -4
[    5.737624] md: raid0 personality registered for level 0
[    5.762190] md: raid1 personality registered for level 1
[    5.869076] raid6: sse2x1   gen()  5352 MB/s
[    5.956625] raid6: sse2x1   xor()  3491 MB/s
[    6.036180] raid6: sse2x2   gen()  4741 MB/s
[    6.116200] raid6: sse2x2   xor()  1390 MB/s
[    6.185834] raid6: sse2x4   gen()  6084 MB/s
[    6.258363] raid6: sse2x4   xor()  4022 MB/s
[    6.330100] raid6: avx2x1   gen()  7121 MB/s
[    6.400017] raid6: avx2x2   gen()  9488 MB/s
[    6.471985] raid6: avx2x4   gen() 11914 MB/s
[    6.474779] raid6: using algorithm avx2x4 gen() 11914 MB/s
[    6.477913] raid6: using avx2x2 recovery algorithm
[    6.487071] xor: automatically using best checksumming function:
[    6.530212]    avx       : 15655.000 MB/sec
[    6.536189] async_tx: api initialized (async)
[    6.572467] md: raid6 personality registered for level 6
[    6.575267] md: raid5 personality registered for level 5
[    6.578774] md: raid4 personality registered for level 4
[    6.601019] md: raid10 personality registered for level 10
done.
Begin: Running /scripts/init-premount ... done.
Begin: Mounting root file system ... Begin: Running /scripts/local-top ... done.
Begin: Running /scripts/local-premount ... [    6.719574] Btrfs loaded
Scanning for Btrfs filesystems
done.
Warning: fsck not present, so skipping root file system
[    6.896027] EXT4-fs (sda1): mounted filesystem with ordered data mode. Opts: (null)
done.
Begin: Running /scripts/local-bottom ... done.
Begin: Running /scripts/init-bottom ... done.
[    7.837300] random: nonblocking pool is initialized
[    8.788978] systemd[1]: systemd 229 running in system mode. (+PAM +AUDIT +SELINUX +IMA +APPARMOR +SMACK +SYSVINIT +UTMP +LIBCRYPTSETUP +GCRYPT +GNUTLS +ACL +XZ -LZ4 +SECCOMP +BLKID +ELFUTILS +KMOD -IDN)
[    8.796678] systemd[1]: Detected virtualization oracle.
[    8.799486] systemd[1]: Detected architecture x86-64.

Welcome to [1mUbuntu 16.04.7 LTS[0m!

[    8.873639] systemd[1]: Set hostname to <worker03.linuxtips>.
[   10.802218] systemd[1]: Listening on Journal Socket (/dev/log).
[[0;32m  OK  [0m] Listening on Journal Socket (/dev/log).
[   10.819063] systemd[1]: Listening on Device-mapper event daemon FIFOs.
[[0;32m  OK  [0m] Listening on Device-mapper event daemon FIFOs.
[   10.824182] systemd[1]: Listening on Journal Audit Socket.
[[0;32m  OK  [0m] Listening on Journal Audit Socket.
[   10.827610] systemd[1]: Listening on Syslog Socket.
[[0;32m  OK  [0m] Listening on Syslog Socket.
[   10.831615] systemd[1]: Listening on udev Control Socket.
[[0;32m  OK  [0m] Listening on udev Control Socket.
[   10.835662] systemd[1]: Listening on LVM2 metadata daemon socket.
[[0;32m  OK  [0m] Listening on LVM2 metadata daemon socket.
[   10.840415] systemd[1]: Listening on udev Kernel Socket.
[[0;32m  OK  [0m] Listening on udev Kernel Socket.
[   10.843638] systemd[1]: Listening on LVM2 poll daemon socket.
[[0;32m  OK  [0m] Listening on LVM2 poll daemon socket.
[   10.845860] systemd[1]: Reached target Encrypted Volumes.
[[0;32m  OK  [0m] Reached target Encrypted Volumes.
[   10.848060] systemd[1]: Reached target User and Group Name Lookups.
[[0;32m  OK  [0m] Reached target User and Group Name Lookups.
[   10.850607] systemd[1]: Set up automount Arbitrary Executable File Formats File System Automount Point.
[[0;32m  OK  [0m] Set up automount Arbitrary Executab...ats File System Automount Point.
[   10.856323] systemd[1]: Listening on Journal Socket.
[[0;32m  OK  [0m] Listening on Journal Socket.
[   10.860222] systemd[1]: Reached target System Time Synchronized.
[[0;32m  OK  [0m] Reached target System Time Synchronized.
[   10.864083] systemd[1]: Listening on /dev/initctl Compatibility Named Pipe.
[[0;32m  OK  [0m] Listening on /dev/initctl Compatibility Named Pipe.
[   10.868081] systemd[1]: Created slice User and Session Slice.
[[0;32m  OK  [0m] Created slice User and Session Slice.
[   10.871918] systemd[1]: Created slice System Slice.
[[0;32m  OK  [0m] Created slice System Slice.
[   10.901806] systemd[1]: Starting Set console keymap...
         Starting Set console keymap...
[   10.905300] systemd[1]: Reached target Slices.
[[0;32m  OK  [0m] Reached target Slices.
[   10.908929] systemd[1]: Starting Remount Root and Kernel File Systems...
         Starting Remount Root and Kernel File Systems...
[   10.913183] systemd[1]: Starting Uncomplicated firewall...
         Starting Uncomplicated firewall...
[   10.917046] systemd[1]: Starting Create list of required static device nodes for the current kernel...
         Starting Create list of required st... nodes for the current kernel...
[   10.922782] systemd[1]: Created slice system-serial\x2dgetty.slice.
[[0;32m  OK  [0m] Created slice system-serial\x2dgetty.slice.
[   10.927040] systemd[1]: Starting Nameserver information manager...
         Starting Nameserver information manager...
[   10.935066] systemd[1]: Mounting Debug File System...
         Mounting Debug File System...
[   10.939258] systemd[1]: Starting Monitoring of LVM2 mirrors, snapshots etc. using dmeventd or progress polling...
         Starting Monitoring of LVM2 mirrors... dmeventd or progress polling...
[   10.948444] systemd[1]: Mounting Huge Pages File System...
         Mounting Huge Pages File System...
[   10.952856] systemd[1]: Mounting RPC Pipe File System...
         Mounting RPC Pipe File System...
[   10.958702] systemd[1]: Starting Journal Service...
         Starting Journal Service...
[   10.964090] systemd[1]: Started Trigger resolvconf update for networkd DNS.
[[0;32m  OK  [0m] Started Trigger resolvconf update for networkd DNS.
[   10.982724] systemd[1]: Starting Load Kernel Modules...
         Starting Load Kernel Modules...
[   10.988158] systemd[1]: Mounting POSIX Message Queue File System...
         Mounting POSIX Message Queue File System...
[   10.994472] systemd[1]: Started Forward Password Requests to Wall Directory Watch.
[[0;32m  OK  [0m] Started Forward Password Requests to Wall Directory Watch.
[   11.196839] systemd[1]: Mounted Huge Pages File System.
[   11.225023] EXT4-fs (sda1): re-mounted. Opts: (null)
[[0;32m  OK  [0m] Mounted Huge Pages File System.
[   11.238464] systemd[1]: Mounted Debug File System.
[[0;32m  OK  [0m] Mounted Debug File System.
[   11.255545] systemd[1]: Mounted POSIX Message Queue File System.
[[0;32m  OK  [0m] Mounted POSIX Message Queue File System.
[   11.273249] systemd[1]: Started Remount Root and Kernel File Systems.
[[0;32m  OK  [0m] Started Remount Root and Kernel File Systems.
[   11.281078] systemd[1]: Started Uncomplicated firewall.
[[0;32m  OK  [0m] Started Uncomplicated firewall.
[   11.286376] systemd[1]: Started Create list of required static device nodes for the current kernel.
[[0;32m  OK  [0m] Started Create list of required sta...ce nodes for the current kernel.
[   11.295133] systemd[1]: Starting Create Static Device Nodes in /dev...
         Starting Create Static Device Nodes in /dev...
[   11.300996] systemd[1]: Activating swap /swapfile...
         Activating swap /swapfile...
[   11.307002] systemd[1]: Starting Load/Save Random Seed...
         Starting Load/Save Random Seed...
[   11.338873] systemd[1]: Starting udev Coldplug all Devices...
         Starting udev Coldplug all Devices...
[   11.348559] systemd[1]: Started Nameserver information manager.
[[0;32m  OK  [0m] Started Nameserver information manager.
[   11.416123] systemd[1]: Started Load/Save Random Seed.
[[0;32m  OK  [0m] Started Load/Save Random Seed.
[   11.565270] systemd[1]: Started Journal Service.
[[0;32m  OK  [0m] Started Journal Service.
         Starting Flush Journal to Persistent Storage...
[   11.591975] Loading iSCSI transport class v2.0-870.
[[0;32m  OK  [0m] Started LVM2 metadata daemon.
[   11.673678] Adding 1048572k swap on /swapfile.  Priority:-1 extents:4 across:1253372k FS
[[0;32m  OK  [0m] Activated swap /swapfile.
[[0;32m  OK  [0m] Reached target Swap.
[   11.701486] systemd-journald[392]: Received request to flush runtime journal from PID 1
[[0;32m  OK  [0m] Started Set console keymap.
[[0;32m  OK  [0m] Started udev Coldplug all Devices.
[   11.752563] iscsi: registered transport (tcp)
[   11.785791] RPC: Registered named UNIX socket transport module.
[   11.789857] RPC: Registered udp transport module.
[   11.791452] RPC: Registered tcp transport module.
[   11.792878] RPC: Registered tcp NFSv4.1 backchannel transport module.
[[0;32m  OK  [0m] Mounted RPC Pipe File System.
[[0;32m  OK  [0m] Started Flush Journal to Persistent Storage.
[[0;32m  OK  [0m] Started Create Static Device Nodes in /dev.
         Starting udev Kernel Device Manager...
[[0;32m  OK  [0m] Started Monitoring of LVM2 mirrors,...ng dmeventd or progress polling.
[[0;32m  OK  [0m] Reached target Local File Systems (Pre).
[[0;32m  OK  [0m] Reached target Local File Systems.
         Starting Initial cloud-init job (pre-networking)...
         Starting Create Volatile Files and Directories...
         Starting LSB: AppArmor initialization...
         Starting Preprocess NFS configuration...
         Starting Set console font and keymap...
         Starting Tell Plymouth To Write Out Runtime Data...
[[0;32m  OK  [0m] Started Tell Plymouth To Write Out Runtime Data.
[   12.486769] iscsi: registered transport (iser)
[[0;32m  OK  [0m] Started Load Kernel Modules.
         Starting Apply Kernel Variables...
         Mounting FUSE Control File System...
[[0;32m  OK  [0m] Mounted FUSE Control File System.
[[0;32m  OK  [0m] Started Preprocess NFS configuration.
[[0;32m  OK  [0m] Reached target NFS client services.
[[0;32m  OK  [0m] Started Apply Kernel Variables.
[[0;32m  OK  [0m] Started Create Volatile Files and Directories.
[[0;32m  OK  [0m] Started udev Kernel Device Manager.
[[0;32m  OK  [0m] Started Dispatch Password Requests to Console Directory Watch.
         Starting Update UTMP about System Boot/Shutdown...
[[0;32m  OK  [0m] Started Update UTMP about System Boot/Shutdown.
[[0;32m  OK  [0m] Started Set console font and keymap.
[[0;32m  OK  [0m] Created slice system-getty.slice.
[[0;32m  OK  [0m] Found device /dev/ttyS0.
[[0;32m  OK  [0m] Listening on Load/Save RF Kill Switch Status /dev/rfkill Watch.
[[0;32m  OK  [0m] Found device 82540EM Gigabit Ethern...r (PRO/1000 MT Desktop Adapter).
[[0;32m  OK  [0m] Started LSB: AppArmor initialization.
[[0;32m  OK  [0m] Found device 82540EM Gigabit Ethern...r (PRO/1000 MT Desktop Adapter).
         Starting Load AppArmor profiles managed internally by snapd...
[[0;32m  OK  [0m] Started Load AppArmor profiles managed internally by snapd.
[   20.072331] cloud-init[468]: Cloud-init v. 20.2-45-g5f7825e2-0ubuntu1~16.04.1 running 'init-local' at Mon, 28 Sep 2020 22:08:07 +0000. Up 18.45 seconds.
[[0;32m  OK  [0m] Started Initial cloud-init job (pre-networking).
[[0;32m  OK  [0m] Reached target Network (Pre).
[[0;32m  OK  [0m] Started ifup for enp0s3.
[[0;32m  OK  [0m] Started ifup for enp0s8.
         Starting Raise network interfaces...
[[0;32m  OK  [0m] Started Raise network interfaces.
[[0;32m  OK  [0m] Reached target Network.
         Starting Initial cloud-init job (metadata service crawler)...
[   21.933252] cloud-init[1108]: Cloud-init v. 20.2-45-g5f7825e2-0ubuntu1~16.04.1 running 'init' at Mon, 28 Sep 2020 22:08:10 +0000. Up 21.09 seconds.
[   21.937714] cloud-init[1108]: ci-info: ++++++++++++++++++++++++++++++++++++++Net device info+++++++++++++++++++++++++++++++++++++++
[   21.945050] cloud-init[1108]: ci-info: +--------+------+-----------------------------+---------------+--------+-------------------+
[   21.947963] cloud-init[1108]: ci-info: | Device |  Up  |           Address           |      Mask     | Scope  |     Hw-Address    |
[   21.956951] cloud-init[1108]: ci-info: +--------+------+-----------------------------+---------------+--------+-------------------+
[   21.960156] cloud-init[1108]: ci-info: | enp0s3 | True |          10.0.2.15          | 255.255.255.0 | global | 02:8f:67:5f:07:a5 |
[   21.965067] cloud-init[1108]: ci-info: | enp0s3 | True |  fe80::8f:67ff:fe5f:7a5/64  |       .       |  link  | 02:8f:67:5f:07:a5 |
[   21.972382] cloud-init[1108]: ci-info: | enp0s8 | True |        192.168.99.30        | 255.255.255.0 | global | 08:00:27:a2:c4:d8 |
[   21.976594] cloud-init[1108]: ci-info: | enp0s8 | True | fe80::a00:27ff:fea2:c4d8/64 |       .       |  link  | 08:00:27:a2:c4:d8 |
[   21.981166] cloud-init[1108]: ci-info: |   lo   | True |          127.0.0.1          |   255.0.0.0   |  host  |         .         |
[   21.988796] cloud-init[1108]: ci-info: |   lo   | True |           ::1/128           |       .       |  host  |         .         |
[   21.994891] cloud-init[1108]: ci-info: +--------+------+-----------------------------+---------------+--------+-------------------+
[   21.999063] cloud-init[1108]: ci-info: ++++++++++++++++++++++++++++Route IPv4 info++++++++++++++++++++++++++++
[   22.001368] cloud-init[1108]: ci-info: +-------+--------------+----------+---------------+-----------+-------+
[   22.005218] cloud-init[1108]: ci-info: | Route | Destination  | Gateway  |    Genmask    | Interface | Flags |
[   22.013083] cloud-init[1108]: ci-info: +-------+--------------+----------+---------------+-----------+-------+
[   22.016178] cloud-init[1108]: ci-info: |   0   |   0.0.0.0    | 10.0.2.2 |    0.0.0.0    |   enp0s3  |   UG  |
[   22.018113] cloud-init[1108]: ci-info: |   1   |   10.0.2.0   | 0.0.0.0  | 255.255.255.0 |   enp0s3  |   U   |
[   22.024491] cloud-init[1108]: ci-info: |   2   | 192.168.99.0 | 0.0.0.0  | 255.255.255.0 |   enp0s8  |   U   |
[   22.026281] cloud-init[1108]: ci-info: +-------+--------------+----------+---------------+-----------+-------+
[   22.027920] cloud-init[1108]: ci-info: +++++++++++++++++++Route IPv6 info+++++++++++++++++++
[   22.033172] cloud-init[1108]: ci-info: +-------+-------------+---------+-----------+-------+
[   22.034970] cloud-init[1108]: ci-info: | Route | Destination | Gateway | Interface | Flags |
[   22.036765] cloud-init[1108]: ci-info: +-------+-------------+---------+-----------+-------+
[   22.041290] cloud-init[1108]: ci-info: |   0   |  fe80::/64  |    ::   |   enp0s8  |   U   |
[   22.042971] cloud-init[1108]: ci-info: |   1   |  fe80::/64  |    ::   |   enp0s3  |   U   |
[   22.044873] cloud-init[1108]: ci-info: |   4   |   ff00::/8  |    ::   |   enp0s8  |   U   |
[   22.048514] cloud-init[1108]: ci-info: |   5   |   ff00::/8  |    ::   |   enp0s3  |   U   |
[   22.052595] cloud-init[1108]: ci-info: +-------+-------------+---------+-----------+-------+
[[0;32m  OK  [0m] Started Initial cloud-init job (metadata service crawler).
[[0;32m  OK  [0m] Reached target System Initialization.
         Starting Docker Socket for the API.
[[0;32m  OK  [0m] Listening on D-Bus System Message Bus Socket.
         Starting LXD - unix socket.
[[0;32m  OK  [0m] Started Daily apt download activities.
[[0;32m  OK  [0m] Started Daily apt upgrade and clean activities.
[[0;32m  OK  [0m] Started Message of the Day.
[[0;32m  OK  [0m] Listening on UUID daemon activation socket.
[[0;32m  OK  [0m] Listening on ACPID Listen Socket.
[[0;32m  OK  [0m] Listening on RPCbind Server Activation Socket.
         Starting RPC bind portmap service...
[[0;32m  OK  [0m] Started Daily Cleanup of Temporary Directories.
[[0;32m  OK  [0m] Reached target Timers.
         Starting Socket activation for snappy daemon.
[[0;32m  OK  [0m] Started ACPI Events Check.
[[0;32m  OK  [0m] Reached target Paths.
[[0;32m  OK  [0m] Reached target Cloud-config availability.
[[0;32m  OK  [0m] Reached target Network is Online.
         Starting iSCSI initiator daemon (iscsid)...
[[0;32m  OK  [0m] Listening on Docker Socket for the API.
[[0;32m  OK  [0m] Listening on LXD - unix socket.
[[0;32m  OK  [0m] Listening on Socket activation for snappy daemon.
[[0;32m  OK  [0m] Reached target Sockets.
[[0;32m  OK  [0m] Reached target Basic System.
         Starting containerd container runtime...
         Starting Login Service...
[[0;32m  OK  [0m] Started D-Bus System Message Bus.
         Starting LSB: Record successful boot for GRUB...
[[0;32m  OK  [0m] Started Regular background program processing daemon.
         Starting Message of the Day...
         Starting /etc/rc.local Compatibility...
         Starting LSB: MD monitoring daemon...
         Starting Virtualbox guest utils...
         Starting Snap Daemon...
[[0;32m  OK  [0m] Started ACPI event daemon.
         Starting System Logging Service...
         Starting LXD - container startup/shutdown...
         Starting Accounts Service...
[[0;32m  OK  [0m] Started FUSE filesystem for LXC.
         Starting OpenBSD Secure Shell server...
[[0;32m  OK  [0m] Started Deferred execution scheduler.
[[0;32m  OK  [0m] Started RPC bind portmap service.
[[0;32m  OK  [0m] Started containerd container runtime.
[[0;32m  OK  [0m] Started Message of the Day.
[[0;32m  OK  [0m] Started /etc/rc.local Compatibility.
         Starting Docker Application Container Engine...
[[0;32m  OK  [0m] Reached target RPC Port Mapper.
[[0;32m  OK  [0m] Started Login Service.
[[0;32m  OK  [0m] Started Unattended Upgrades Shutdown.
[[0;32m  OK  [0m] Started LSB: Record successful boot for GRUB.
[[0;32m  OK  [0m] Started iSCSI initiator daemon (iscsid).
         Starting Login to default iSCSI targets...
[[0;32m  OK  [0m] Started OpenBSD Secure Shell server.
[[0;32m  OK  [0m] Started LSB: MD monitoring daemon.
[[0;32m  OK  [0m] Started Login to default iSCSI targets.
[[0;32m  OK  [0m] Reached target Remote File Systems (Pre).
[[0;32m  OK  [0m] Reached target Remote File Systems.
         Starting LSB: automatic crash report generation...
         Starting LSB: Set the CPU Frequency Scaling governor to "ondemand"...
         Starting Permit User Sessions...
         Starting LSB: daemon to balance interrupts for SMP systems...
[[0;32m  OK  [0m] Started Permit User Sessions.
         Starting Terminate Plymouth Boot Screen...
         Starting Hold until boot process finishes up...
[[0;32m  OK  [0m] Started Terminate Plymouth Boot Screen.
[[0;32m  OK  [0m] Started Hold until boot process finishes up.
         Starting Set console scheme...
[[0;32m  OK  [0m] Started Getty on tty1.
[[0;32m  OK  [0m] Started Serial Getty on ttyS0.
[[0;32m  OK  [0m] Reached target Login Prompts.
[[0;32m  OK  [0m] Started LSB: Set the CPU Frequency Scaling governor to "ondemand".
[[0;32m  OK  [0m] Started Set console scheme.
[[0;32m  OK  [0m] Started LSB: automatic crash report generation.
[[0;32m  OK  [0m] Started Virtualbox guest utils.
[[0;32m  OK  [0m] Started LSB: daemon to balance interrupts for SMP systems.
         Starting Authenticate and Authorize Users to Run Privileged Tasks...
[[0;32m  OK  [0m] Started System Logging Service.
[[0;32m  OK  [0m] Started Authenticate and Authorize Users to Run Privileged Tasks.
[[0;32m  OK  [0m] Started Accounts Service.
[[0;32m  OK  [0m] Created slice User Slice of vagrant.
         Starting User Manager for UID 1000...
[[0;32m  OK  [0m] Started Session 1 of user vagrant.
[[0;32m  OK  [0m] Started User Manager for UID 1000.

Ubuntu 16.04.7 LTS worker03.linuxtips ttyS0

worker03 login: [   31.336802] cloud-init[1512]: Cloud-init v. 20.2-45-g5f7825e2-0ubuntu1~16.04.1 running 'modules:config' at Mon, 28 Sep 2020 22:08:19 +0000. Up 30.93 seconds.
[   39.627063] cloud-init[2004]: Cloud-init v. 20.2-45-g5f7825e2-0ubuntu1~16.04.1 running 'modules:final' at Mon, 28 Sep 2020 22:08:28 +0000. Up 39.40 seconds.
[   39.629658] cloud-init[2004]: Cloud-init v. 20.2-45-g5f7825e2-0ubuntu1~16.04.1 finished at Mon, 28 Sep 2020 22:08:28 +0000. Datasource DataSourceNoCloud [seed=/dev/sdb][dsmode=net].  Up 39.60 seconds
         Stopping User Manager for UID 1000...
         Stopping Authenticate and Authorize Users to Run Privileged Tasks...
[[0;32m  OK  [0m] Stopped ta[[0;32m  OK  [0m] Stopped target Graphical Interface.
[[0;32m  OK  [0m] Stopped target Cloud-init target.
[[0;32m  OK  [0m] Stopped Execute cloud user/final scripts.
         Stopping Authenticate and Authorize Users to Run Privileged Tasks...
         Stopping Session 2 of user vagrant.
         Stopping Session 5 of user vagrant.
         Stopping Accounts Service...
[[0;32m  OK  [0m] Closed Load/Save RF Kill Switch Status /dev/rfkill Watch.
[[0;32m  OK  [0m] Stopped target Multi-User System.
[[0;32m  OK  [0m] Stopped target Login Prompts.
         Stopping Getty on tty1...
         Stopping Unattended Upgrades Shutdown...
         Stopping LSB: Record successful boot for GRUB...
         Stopping D-Bus System Message Bus...
         Stopping Deferred execution scheduler...
         Stopping System Logging Service...
         Stopping FUSE filesystem for LXC...
         Stopping LSB: daemon to balance interrupts for SMP systems...
         Stopping Regular background program processing daemon...
         Sto         Stopping Authenticate and Authorize Users to Run Privileged Tasks...
[[0;32m  OK  [0m] Stopped target Graphical Interface.
         Stopping Accounts Service...
[[0;32m  OK  [0m] Stopped target RPC Port Mapper.
[[0;32m  OK  [0m] Stopped target Cloud-init target.
         Stopping Session 7 of user vagrant.
[[0;32m  OK  [0m] Stopped Execute cloud user/final scripts.
[[0;32m  OK  [0m] Stopped target Multi-User System.
         Stopping Regular background program processing daemon...
         Stopping Virtualbox guest utils...
[[0;32m  OK  [0m] Stopped target Login Prompts.
         Stopping Getty on tty1...
         Stopping LXD - container startup/shutdown...
         Stopping FUSE filesystem for LXC...
         Stopping OpenBSD Secure Shell server...
         Stopping D-Bus System Message Bus...
         Stopping LSB: Record successful boot for GRUB...
         Stopping LSB: automatic crash report generation...
         Stopping LSB: MD monitoring daemon...
[[0;32m  OK  [0m] Stopped Apply the settings specified in cloud-config.
[[0;32m  OK  [0m] Stopped target Cloud-config availability.
[[0;32m  OK  [0m] Stopped Wait until snapd is fully seeded.
         Stopping LSB: daemon to balance interrupts for SMP systems...
         Stopping Docker Application Container Engine...
         Stopping ACPI event daemon...
         Stopping User Manager for UID 1000...
[[0;32m  OK  [0m] Closed Load/Save RF Kill Switch Status /dev/rfkill Watch.
         Stopping Unattended Upgrades Shutdown...
         Stopping Session 4 of user vagrant.
         Stopping System Logging Service...
         Stopping Deferred execution scheduler...
[[0;32m  OK  [0m] Stopped target Timers.
[[0;32m  OK  [0m] Stopped Message of the Day.
[[0;32m  OK  [0m] Stopped Daily apt upgrade and clean activities.
[[0;32m  OK  [0m] Stopped Daily apt download activities.
[[0;32m  OK  [0m] Stopped target System Time Synchronized.
[[0;32m  OK  [0m] Stopped Daily Cleanup of Temporary Directories.
         Stopping Serial Getty on ttyS0...
         Stopping LSB: Set the CPU Frequency Scaling governor to "ondemand"...
[[0;32m  OK  [0m] Unmounted /var/lib/lxcfs.
[[0;32m  OK  [0m] Stopped ACPI event daemon.
[[0;32m  OK  [0m] Stopped Deferred execution scheduler.
[[0;32m  OK  [0m] Stopped Accounts Service.
[[0;32m  OK  [0m] Stopped Regular background program processing daemon.
[[0;32m  OK  [0m] Stopped System Logging Service.
[[0;32m  OK  [0m] Stopped Authenticate and Authorize Users to Run Privileged Tasks.
[[0;32m  OK  [0m] Stopped Unattended Upgrades Shutdown.
[[0;32m  OK  [0m] Stopped OpenBSD Secure Shell server.
[[0;32m  OK  [0m] Stopped Getty on tty1.
[[0;32m  OK  [0m] Stopped Serial Getty on ttyS0.
[[0;32m  OK  [0m] Stopped User Manager for UID 1000.
[[0;32m  OK  [0m] Stopped Session 7 of user vagrant.
[[0;32m  OK  [0m] Stopped D-Bus System Message Bus.
[[0;32m  OK  [0m] Stopped FUSE filesystem for LXC.
[[0;32m  OK  [0m] Stopped LXD - container startup/shutdown.
[[0;32m  OK  [0m] Removed slice system-serial\x2dgetty.slice.
[[0;32m  OK  [0m] Removed slice system-getty.slice.
[[0;32m  OK  [0m] Stopped /etc/rc.local Compatibility.
[[0;32m  OK  [0m] Stopped Session 4 of user vagrant.
[[0;32m  OK  [0m] Removed slice User Slice of vagrant.
         Stopping Permit User Sessions...
         Stopping Login Service...
[[0;32m  OK  [0m] Stopped LSB: Record successful boot for GRUB.
[[0;32m  OK  [0m] Stopped LSB: Set the CPU Frequency Scaling governor to "ondemand".
[[0;32m  OK  [0m] Stopped Login Service.
[[0;32m  OK  [0m] Stopped LSB: MD monitoring daemon.
[[0;32m  OK  [0m] Stopped LSB: daemon to balance interrupts for SMP systems.
[[0;32m  OK  [0m] Stopped Permit User Sessions.
[[0;32m  OK  [0m] Stopped target User and Group Name Lookups.
[[0;32m  OK  [0m] Stopped Virtualbox guest utils.
[[0;32m  OK  [0m] Stopped LSB: automatic crash report generation.
[[0;32m  OK  [0m] Stopped target Remote File Systems.
[[0;32m  OK  [0m] Stopped target Remote File Systems (Pre).
         Stopping NFS server and services...
[[0;32m  OK  [0m] Stopped target NFS client services.
         Stopping Login to default iSCSI targets...
         Stopping RPC bind portmap service...
[[0;32m  OK  [0m] Stopped RPC bind portmap service.
[[0;32m  OK  [0m] Stopped NFS server and services.
         Stopping NFS Mount Daemon...
         Stopping NFSv4 ID-name mapping service...
[[0;32m  OK  [0m] Stopped NFSv4 ID-name mapping service.
[[0;32m  OK  [0m] Stopped NFS Mount Daemon.
         Unmounting RPC Pipe File System...
[[0;32m  OK  [0m] Unmounted RPC Pipe File System.
[[0;32m  OK  [0m] Stopped Login to default iSCSI targets.
         Stopping iSCSI initiator daemon (iscsid)...
[[0;32m  OK  [0m] Stopped iSCSI initiator daemon (iscsid).
[[0;32m  OK  [0m] Unmounted /run/docker/netns/1-ercxn3svva.
[[0;32m  OK  [0m] Unmounted /run/docker/netns/ingress_sbox.
[[0;32m  OK  [0m] Stopped Docker Application Container Engine.
[[0;32m  OK  [0m] Stopped target Network is Online.
         Stopping containerd container runtime...
[[0;32m  OK  [0m] Stopped containerd container runtime.
[[0;32m  OK  [0m] Stopped target Basic System.
[[0;32m  OK  [0m] Stopped target Paths.
[[0;32m  OK  [0m] Stopped Dispatch Password Requests to Console Directory Watch.
[[0;32m  OK  [0m] Stopped Forward Password Requests to Wall Directory Watch.
[[0;32m  OK  [0m] Stopped ACPI Events Check.
[[0;32m  OK  [0m] Stopped target Sockets.
[[0;32m  OK  [0m] Closed UUID daemon activation socket.
[[0;32m  OK  [0m] Closed LXD - unix socket.
[[0;32m  OK  [0m] Closed Socket activation for snappy daemon.
[[0;32m  OK  [0m] Closed D-Bus System Message Bus Socket.
[[0;32m  OK  [0m] Closed RPCbind Server Activation Socket.
[[0;32m  OK  [0m] Closed Docker Socket for the API.
[[0;32m  OK  [0m] Closed Syslog Socket.
[[0;32m  OK  [0m] Closed ACPID Listen Socket.
[[0;32m  OK  [0m] Stopped target Slices.
[[0;32m  OK  [0m] Removed slice User and Session Slice.
[[0;32m  OK  [0m] Stopped target Network.
[[0;32m  OK  [0m] Stopped target System Initialization.
[[0;32m  OK  [0m] Stopped Initial cloud-init job (metadata service crawler).
         Stopping Raise network interfaces...
         Stopping Update UTMP about System Boot/Shutdown...
[[0;32m  OK  [0m] Stopped target Encrypted Volumes.
[[0;32m  OK  [0m] Stopped target Swap.
         Deactivating swap /swapfile...
         Stopping Load/Save Random Seed...
[[0;32m  OK  [0m] Stopped Load/Save Random Seed.
[[0;32m  OK  [0m] Stopped Update UTMP about System Boot/Shutdown.
[[0;32m  OK  [0m] Stopped Create Volatile Files and Directories.
[[0;32m  OK  [0m] Deactivated swap /swapfile.
[[0;32m  OK  [0m] Stopped Raise network interfaces.
[[0;32m  OK  [0m] Stopped Apply Kernel Variables.
[[0;32m  OK  [0m] Stopped Load Kernel Modules.
[[0;32m  OK  [0m] Stopped target Network (Pre).
[[0;32m  OK  [0m] Stopped Initial cloud-init job (pre-networking).
[[0;32m  OK  [0m] Stopped target Local File Systems.
         Unmounting /run/user/1000...
         Unmounting /vagrant...
[[0;32m  OK  [0m] Unmounted /run/user/1000.
[[0;1;31mFAILED[0m] Failed unmounting /vagrant.
[[0;32m  OK  [0m] Reached target Unmount All Filesystems.
[[0;32m  OK  [0m] Stopped target Local File Systems (Pre).
         Stopping Monitoring of LVM2 mirrors... dmeventd or progress polling...
[[0;32m  OK  [0m] Stopped Create Static Device Nodes in /dev.
[[0;32m  OK  [0m] Stopped Remount Root and Kernel File Systems.
[[0;32m  OK  [0m] Reached target Shutdown.
[ 6292.860658] reboot: Power down
